<?xml version="1.0" encoding="UTF-8"?>
<!-- Generated by org.testng.reporters.JUnitReportReporter -->
<testsuite hostname="DESKTOP-FUGQNF4" failures="0" tests="1" name="com.autoseat.tests.LoginTest" time="51.601" errors="0" timestamp="2025-10-17T12:27:19 IST" skipped="0">
  <testcase classname="com.autoseat.tests.LoginTest" name="test" time="51.601"/>
</testsuite> <!-- com.autoseat.tests.LoginTest -->
