<?xml version="1.0" encoding="UTF-8"?>
<!-- Generated by org.testng.reporters.JUnitReportReporter -->
<testsuite hostname="DESKTOP-FUGQNF4" failures="0" tests="1" name="com.autoseat.tests.LoginTest" time="10.891" errors="0" timestamp="2025-10-03T18:24:13 IST" skipped="0">
  <testcase classname="com.autoseat.tests.LoginTest" name="validLoginTest" time="10.891"/>
</testsuite> <!-- com.autoseat.tests.LoginTest -->
