<?xml version="1.0" encoding="UTF-8"?>
<!-- Generated by org.testng.reporters.JUnitReportReporter -->
<testsuite hostname="DESKTOP-FUGQNF4" failures="0" tests="1" name="com.autoseat.tests.LoginTest" time="21.215" errors="0" timestamp="2025-10-10T17:54:52 IST" skipped="0">
  <testcase classname="com.autoseat.tests.LoginTest" name="validLoginTest" time="21.215"/>
</testsuite> <!-- com.autoseat.tests.LoginTest -->
