<?xml version="1.0" encoding="UTF-8"?>
<!-- Generated by org.testng.reporters.JUnitReportReporter -->
<testsuite hostname="DESKTOP-FUGQNF4" failures="0" tests="1" name="com.autoseat.tests.LoginTest" time="33.186" errors="0" timestamp="2025-10-06T18:06:04 IST" skipped="0">
  <testcase classname="com.autoseat.tests.LoginTest" name="validLoginTest" time="33.186"/>
</testsuite> <!-- com.autoseat.tests.LoginTest -->
